<?xml version="1.0" encoding="UTF-8"?>
<!-- Generated by org.testng.reporters.JUnitXMLReporter -->
<testsuite hostname="TYSS-Vijayalaxmi" ignored="0" name="Test" tests="1" failures="1" timestamp="2022-11-14T12:02:31 IST" time="9.696" errors="0">
  <testcase name="createOrgWithIndUsingPOM" time="4.024" classname="Organization_Module.CreateOrgWithIndUsingPOM">
    <failure type="java.lang.AssertionError" message="null">
      <![CDATA[java.lang.AssertionError: null
at Organization_Module.CreateOrgWithIndUsingPOM.createOrgWithIndUsingPOM(CreateOrgWithIndUsingPOM.java:69)
at java.util.ArrayList.forEach(ArrayList.java:1257)
... Removed 29 stack frames]]>
    </failure>
  </testcase> <!-- createOrgWithIndUsingPOM -->
</testsuite> <!-- Test -->
